 pypy -OO run.py logs/big/CEA-curie_cut_log.swf 
Wed May 20 15:28:21 CEST 2015
[Simulating the training set..]
# Jobs Terminated: 13352 Elapsed Time: 0:00:04                                    
# Jobs Terminated: 13602 Elapsed Time: 0:00:02                                    
# Jobs Terminated: 13181 Elapsed Time: 0:00:03                                    
1 23.688884111
# Jobs Terminated: 13438 Elapsed Time: 0:00:02                                    
# Jobs Terminated: 13489 Elapsed Time: 0:00:01                                    
# Jobs Terminated: 13547 Elapsed Time: 0:00:01                                    
1 3.88986252571
# Jobs Terminated: 13401 Elapsed Time: 0:00:59                                    
# Jobs Terminated: 13673 Elapsed Time: 0:00:01                                    
# Jobs Terminated: 13350 Elapsed Time: 0:00:02                                    
1 16.966081723
# Jobs Terminated: 13588 Elapsed Time: 0:00:03                                    
# Jobs Terminated: 13479 Elapsed Time: 0:00:02                                    
# Jobs Terminated: 13448 Elapsed Time: 0:00:04                                    
1 22.1137709046
# Jobs Terminated: 13037 Elapsed Time: 0:00:04                                    
# Jobs Terminated: 13500 Elapsed Time: 0:00:08                                    
# Jobs Terminated: 13268 Elapsed Time: 0:00:07                                    
0 80.221211456
# Jobs Terminated: 13680 Elapsed Time: 0:00:01                                    
# Jobs Terminated: 13550 Elapsed Time: 0:00:01                                    
# Jobs Terminated: 12737 Elapsed Time: 0:00:02                                    
1 10.0327950604
# Jobs Terminated: 13299 Elapsed Time: 0:00:02                                    
# Jobs Terminated: 13307 Elapsed Time: 0:00:01                                    
# Jobs Terminated: 13767 Elapsed Time: 0:00:01                                    
1 7.08698918152
# Jobs Terminated: 13215 Elapsed Time: 0:00:01                                    
# Jobs Terminated: 13026 Elapsed Time: 0:00:01                                    
# Jobs Terminated: 13197 Elapsed Time: 0:00:01                                    
1 1.96953155707
[Converting swf file format to ML file format..]
[Training..]
[Classifying/Testing..]
[Simulating the test file..]
# Jobs Terminated: 73918 Elapsed Time: 0:00:25                                    
# Jobs Terminated: 73664 Elapsed Time: 0:00:25                                    
# Jobs Terminated: 73627 Elapsed Time: 0:00:41                                    
Test Average Stretch: 40.5453707196
[Simulating the test file using L2R..]
# Jobs Terminated: 73570 Elapsed Time: 0:00:15                                    
L2R Average Stretch: 5.39374275065

-----------------------------------------------

obj_func = average_stretch

learning_lib = svm_light


weights_options = [(1, 0, 0, 0, 0, 0), (0, 1, 0, 0, 0, 0), (0, 0, 0, 0, 0, +1)]

training_percentage = 0.6
training_parts = 8

indices = (2,3,4,5,9)



===============================================================================



pypy -OO run.py logs/big/CEA-curie_cut_log.swf 
Wed May 20 15:45:14 CEST 2015
[Simulating the training set..]
# Jobs Terminated: 13025 Elapsed Time: 0:00:04                                    
# Jobs Terminated: 13279 Elapsed Time: 0:00:02                                    
# Jobs Terminated: 13521 Elapsed Time: 0:00:03                                    
1 9.40748234201
# Jobs Terminated: 13499 Elapsed Time: 0:00:02                                    
# Jobs Terminated: 12794 Elapsed Time: 0:00:01                                    
# Jobs Terminated: 13344 Elapsed Time: 0:00:02                                    
1 2.08340862342
# Jobs Terminated: 13278 Elapsed Time: 0:00:59                                    
# Jobs Terminated: 13369 Elapsed Time: 0:00:01                                    
# Jobs Terminated: 13802 Elapsed Time: 0:00:02                                    
1 9.40551387423
# Jobs Terminated: 13510 Elapsed Time: 0:00:03                                    
# Jobs Terminated: 13760 Elapsed Time: 0:00:02                                    
# Jobs Terminated: 13825 Elapsed Time: 0:00:04                                    
1 10.247787238
# Jobs Terminated: 13214 Elapsed Time: 0:00:04                                    
# Jobs Terminated: 13538 Elapsed Time: 0:00:08                                    
# Jobs Terminated: 13585 Elapsed Time: 0:00:07                                    
0 43.7078935708
# Jobs Terminated: 13304 Elapsed Time: 0:00:01                                    
# Jobs Terminated: 13548 Elapsed Time: 0:00:01                                    
# Jobs Terminated: 12654 Elapsed Time: 0:00:02                                    
1 5.25463869388
# Jobs Terminated: 13211 Elapsed Time: 0:00:02                                    
# Jobs Terminated: 13307 Elapsed Time: 0:00:01                                    
# Jobs Terminated: 13427 Elapsed Time: 0:00:01                                    
1 2.85251135003
# Jobs Terminated: 13108 Elapsed Time: 0:00:01                                    
# Jobs Terminated: 12822 Elapsed Time: 0:00:01                                    
# Jobs Terminated: 13761 Elapsed Time: 0:00:01                                    
1 1.71783824261
[Converting swf file format to ML file format..]
[Training..]
[Classifying/Testing..]
[Simulating the test file..]
# Jobs Terminated: 73689 Elapsed Time: 0:00:25                                    
# Jobs Terminated: 73607 Elapsed Time: 0:00:25                                    
# Jobs Terminated: 73541 Elapsed Time: 0:00:40                                    
Test Average Stretch: 21.4544553309
[Simulating the test file using L2R..]
# Jobs Terminated: 73483 Elapsed Time: 0:00:14                                    
L2R Average Stretch: 3.85951839116


-----------------------------------------------

obj_func = average_bounded_slowdown

learning_lib = svm_light


weights_options = [(1, 0, 0, 0, 0, 0), (0, 1, 0, 0, 0, 0), (0, 0, 0, 0, 0, +1)]

training_percentage = 0.6
training_parts = 8

indices = (2,3,4,5,9)