
   ncalls  tottime  percall  cumtime  percall filename:lineno(function)
        1    0.000    0.000    0.000    0.000 <string>:1(<module>)
        1    0.000    0.000    0.000    0.000 <string>:1(ArgInfo)
        1    0.000    0.000    0.000    0.000 <string>:1(ArgSpec)
        1    0.000    0.000    0.000    0.000 <string>:1(Arguments)
        1    0.000    0.000    0.000    0.000 <string>:1(Attribute)
        1    0.000    0.000    0.000    0.000 <string>:1(ModuleInfo)
        1    0.000    0.000    0.000    0.000 <string>:1(Traceback)
        3    0.001    0.000    0.040    0.013 __init__.py:1(<module>)
        3    0.000    0.000    0.000    0.000 __init__.py:105(CFunctionType)
        1    0.000    0.000    0.000    0.000 __init__.py:124(__init__)
       14    0.000    0.000    0.000    0.000 __init__.py:148(_check_size)
        1    0.000    0.000    0.000    0.000 __init__.py:160(py_object)
        1    0.000    0.000    0.000    0.000 __init__.py:169(c_short)
        1    0.000    0.000    0.000    0.000 __init__.py:173(c_ushort)
        1    0.000    0.000    0.000    0.000 __init__.py:177(c_long)
        1    0.000    0.000    0.000    0.000 __init__.py:181(c_ulong)
        1    0.000    0.000    0.000    0.000 __init__.py:190(c_int)
        1    0.000    0.000    0.000    0.000 __init__.py:194(c_uint)
        1    0.000    0.000    0.000    0.000 __init__.py:198(c_float)
        1    0.000    0.000    0.000    0.000 __init__.py:199(_handle_resize)
        1    0.000    0.000    0.000    0.000 __init__.py:202(c_double)
        1    0.000    0.000    0.000    0.000 __init__.py:206(c_longdouble)
      898    0.017    0.000    0.128    0.000 __init__.py:213(_format_widgets)
        1    0.000    0.000    0.003    0.003 __init__.py:22(<module>)
        1    0.000    0.000    0.000    0.000 __init__.py:227(c_ubyte)
        1    0.000    0.000    0.000    0.000 __init__.py:234(c_byte)
        1    0.000    0.000    0.000    0.000 __init__.py:239(c_char)
      898    0.003    0.000    0.133    0.000 __init__.py:240(_format_line)
        1    0.000    0.000    0.000    0.000 __init__.py:244(c_char_p)
     8082    0.017    0.000    0.025    0.000 __init__.py:249(_need_update)
        1    0.000    0.000    0.000    0.000 __init__.py:256(c_void_p)
        1    0.000    0.000    0.000    0.000 __init__.py:257(_update_widgets)
        4    0.000    0.000    0.000    0.000 __init__.py:260(<genexpr>)
        1    0.000    0.000    0.000    0.000 __init__.py:261(c_bool)
     8082    0.031    0.000    0.215    0.000 __init__.py:264(update)
        1    0.000    0.000    0.000    0.000 __init__.py:266(_reset_cache)
        1    0.000    0.000    0.001    0.001 __init__.py:287(start)
        1    0.000    0.000    0.000    0.000 __init__.py:292(c_wchar_p)
        1    0.000    0.000    0.000    0.000 __init__.py:295(c_wchar)
        1    0.000    0.000    0.000    0.000 __init__.py:333(CDLL)
        1    0.000    0.000    0.000    0.000 __init__.py:350(__init__)
        1    0.000    0.000    0.000    0.000 __init__.py:360(_FuncPtr)
        2    0.000    0.000    0.000    0.000 __init__.py:379(__getattr__)
        2    0.000    0.000    0.000    0.000 __init__.py:386(__getitem__)
        1    0.000    0.000    0.042    0.042 __init__.py:4(<module>)
        1    0.000    0.000    0.000    0.000 __init__.py:433(LibraryLoader)
        1    0.000    0.000    0.000    0.000 __init__.py:434(__init__)
        1    0.000    0.000    0.000    0.000 __init__.py:447(LoadLibrary)
        2    0.000    0.000    0.000    0.000 __init__.py:491(PYFUNCTYPE)
        2    0.000    0.000    0.000    0.000 __init__.py:492(CFunctionType)
        1    0.000    0.000    0.000    0.000 __init__.py:68(UnknownLength)
        1    0.000    0.000    0.000    0.000 __init__.py:71(ProgressBar)
        3    0.000    0.000    0.000    0.000 __init__.py:79(CFUNCTYPE)
        1    0.000    0.000    0.000    0.000 _endian.py:26(_swapped_meta)
        1    0.000    0.000    0.000    0.000 _endian.py:4(<module>)
        1    0.000    0.000    0.000    0.000 _endian.py:49(BigEndianStructure)
        1    0.000    0.000    0.000    0.000 _ffi.py:2(<module>)
       42    0.000    0.000    0.000    0.000 _structseq.py:22(__get__)
      322    0.005    0.000    0.007    0.000 _structseq.py:70(structseq_new)
       12    0.000    0.000    0.000    0.000 _weakrefset.py:16(__init__)
       12    0.000    0.000    0.000    0.000 _weakrefset.py:20(__enter__)
       12    0.000    0.000    0.000    0.000 _weakrefset.py:26(__exit__)
       66    0.000    0.000    0.000    0.000 _weakrefset.py:36(__init__)
       12    0.000    0.000    0.000    0.000 _weakrefset.py:52(_commit_removals)
       12    0.000    0.000    0.000    0.000 _weakrefset.py:58(__iter__)
     7208    0.026    0.000    0.026    0.000 _weakrefset.py:70(__contains__)
       12    0.000    0.000    0.000    0.000 _weakrefset.py:83(add)
     3592    0.020    0.000    0.049    0.000 abc.py:128(__instancecheck__)
     12/3    0.000    0.000    0.000    0.000 abc.py:148(__subclasscheck__)
        6    0.000    0.000    0.000    0.000 abc.py:15(abstractmethod)
       22    0.000    0.000    0.002    0.000 abc.py:86(__new__)
       27    0.000    0.000    0.000    0.000 abc.py:89(<genexpr>)
        1    0.000    0.000    0.000    0.000 array.py:1(<module>)
        1    0.000    0.000    0.000    0.000 array.py:157(Array)
        1    0.000    0.000    0.000    0.000 array.py:8(ArrayMeta)
        1    0.000    0.000    0.000    0.000 array.py:9(__new__)
        1    0.000    0.000    0.001    0.001 basics.py:1(<module>)
        1    0.000    0.000    0.000    0.000 basics.py:107(_CData)
    11294    0.015    0.000    0.015    0.000 basics.py:130(_get_buffer_value)
    11294    0.039    0.000    0.076    0.000 basics.py:133(_to_ffi_param)
       38    0.000    0.000    0.000    0.000 basics.py:150(sizeof)
     5647    0.011    0.000    0.015    0.000 basics.py:191(is_struct_shape)
        5    0.000    0.000    0.000    0.000 basics.py:199(_shape_to_ffi_type)
        1    0.000    0.000    0.000    0.000 basics.py:29(ArgumentError)
        1    0.000    0.000    0.000    0.000 basics.py:32(COMError)
        1    0.000    0.000    0.000    0.000 basics.py:40(_CDataMeta)
    16954    0.017    0.000    0.017    0.000 basics.py:52(get_ffi_argtype)
     5647    0.045    0.000    0.057    0.000 basics.py:58(_CData_output)
     5647    0.012    0.000    0.152    0.000 basics.py:71(_CData_retval)
        1    0.000    0.000    0.000    0.000 basics.py:86(CArgObject)
    11294    0.021    0.000    0.021    0.000 basics.py:90(__init__)
    11292    0.098    0.000    0.117    0.000 basics.py:94(__del__)
        1    0.000    0.000    0.000    0.000 batch_learning_to_rank.py:11(BatchLearningToRank)
        1    0.000    0.000    0.000    0.000 batch_learning_to_rank.py:2(<module>)
        1    0.000    0.000    0.000    0.000 batch_learning_to_rank.py:32(SVM_Rank)
        `
        3    0.000    0.000    1.131    0.377 batch_learning_to_rank.py:37(train)
        1    0.000    0.000    0.000    0.000 batch_learning_to_rank.py:48(RankLib)
        1    0.000    0.000    0.000    0.000 batch_learning_to_rank.py:50(__init__)
        1    0.000    0.000    0.000    0.000 batch_learning_to_rank.py:65(SophiaML)
        1    0.000    0.000    0.000    0.000 batch_learning_to_rank.py:67(__init__)
        1    0.000    0.000    0.000    0.000 builtin.py:2(<module>)
        1    0.000    0.000    0.000    0.000 builtin.py:23(set_conversion_mode)
        1    0.000    0.000    0.000    0.000 builtin.py:9(ConvMode)
        6    0.005    0.001    0.006    0.001 collections.py:293(namedtuple)
      244    0.000    0.000    0.000    0.000 collections.py:337(<genexpr>)
       30    0.000    0.000    0.000    0.000 collections.py:361(<genexpr>)
       30    0.000    0.000    0.000    0.000 collections.py:363(<genexpr>)
   206241    0.021    0.000    0.021    0.000 common.py:103(updateDuration)
   116238    0.046    0.000    0.094    0.000 common.py:112(addJob)
    74725    0.081    0.000    0.123    0.000 common.py:118(delJob)
   155848    0.051    0.000    0.148    0.000 common.py:137(copy)
    77924    0.037    0.000    0.198    0.000 common.py:149(split)
      161    0.001    0.000    0.004    0.000 common.py:15(module_to_class)
        1    0.000    0.000    0.000    0.000 common.py:159(CpuSnapshot)
      161    0.002    0.000    0.003    0.000 common.py:164(__init__)
   176734    0.012    0.000    0.012    0.000 common.py:171(snapshot_end_time)
   115208    0.192    0.000    0.545    0.000 common.py:177(_ensure_a_slice_starts_at)
      485    0.001    0.000    0.001    0.000 common.py:19(<genexpr>)
        1    0.000    0.000    0.000    0.000 common.py:2(<module>)
    34300    0.053    0.000    0.070    0.000 common.py:2(list_copy)
   115208    0.079    0.000    0.079    0.000 common.py:216(_slice_starts_at)
        1    0.000    0.000    0.000    0.000 common.py:22(Scheduler)
    77924    0.052    0.000    0.052    0.000 common.py:225(_slice_index_to_split)
    93635    0.039    0.000    0.074    0.000 common.py:235(_append_time_slice)
    54729    0.029    0.000    0.029    0.000 common.py:239(free_processors_available_at)
    80743    0.109    0.000    0.152    0.000 common.py:252(canJobStartNow)
      161    0.001    0.000    0.001    0.000 common.py:26(__init__)
     9442    0.044    0.000    0.079    0.000 common.py:292(jobEarliestAssignment)
   258009    0.149    0.000    0.149    0.000 common.py:332(_slices_time_range)
    24081    0.092    0.000    0.236    0.000 common.py:355(delTailofJobFromCpuSlices)
     9442    0.050    0.000    0.121    0.000 common.py:378(unAssignJob)
    33523    0.126    0.000    0.564    0.000 common.py:386(assignJob)
     9442    0.008    0.000    0.269    0.000 common.py:399(assignJobEarliest)
    48162    0.164    0.000    0.672    0.000 common.py:403(archive_old_slices)
    48162    0.121    0.000    0.208    0.000 common.py:420(unify_slices)
        1    0.000    0.000    0.000    0.000 common.py:70(CpuTimeSlice)
   249644    0.052    0.000    0.052    0.000 common.py:81(__init__)
    77924    0.007    0.000    0.007    0.000 common.py:98(updateStartTimeAndDuration)
        1    0.000    0.000    0.000    0.000 common_correctors.py:1(<module>)
        1    0.000    0.000    0.000    0.000 compat.py:21(<module>)
        1    0.000    0.000    0.000    0.000 conf.py:2(<module>)
        1    0.000    0.000    0.000    0.000 datetime.py:1(<module>)
        1    0.000    0.000    0.000    0.000 datetime.py:1035(tzinfo)
        1    0.000    0.000    0.000    0.000 datetime.py:1108(time)
        2    0.000    0.000    0.000    0.000 datetime.py:1133(__new__)
        1    0.000    0.000    0.000    0.000 datetime.py:1440(datetime)
      324    0.004    0.000    0.010    0.000 datetime.py:1448(__new__)
      322    0.004    0.000    0.032    0.000 datetime.py:1499(fromtimestamp)
      161    0.001    0.000    0.008    0.000 datetime.py:1867(__sub__)
     1387    0.008    0.000    0.009    0.000 datetime.py:27(_round)
     2282    0.001    0.000    0.002    0.000 datetime.py:272(_check_int_field)
      326    0.001    0.000    0.003    0.000 datetime.py:287(_check_date_fields)
      326    0.001    0.000    0.002    0.000 datetime.py:300(_check_time_fields)
      648    0.000    0.000    0.000    0.000 datetime.py:315(_check_tzinfo_arg)
        1    0.000    0.000    0.000    0.000 datetime.py:356(_tmxxx)
        1    0.000    0.000    0.000    0.000 datetime.py:417(timedelta)
     1065    0.019    0.000    0.031    0.000 datetime.py:436(__new__)
      322    0.000    0.000    0.000    0.000 datetime.py:52(_is_leap)
      898    0.004    0.000    0.005    0.000 datetime.py:550(__str__)
      325    0.000    0.000    0.000    0.000 datetime.py:56(_days_before_year)
      648    0.001    0.000    0.001    0.000 datetime.py:61(_days_in_month)
      322    0.001    0.000    0.001    0.000 datetime.py:68(_days_before_month)
        1    0.000    0.000    0.000    0.000 datetime.py:712(date)
      322    0.001    0.000    0.002    0.000 datetime.py:73(_ymd2ord)
        2    0.000    0.000    0.000    0.000 datetime.py:742(__new__)
      322    0.001    0.000    0.035    0.000 datetime.py:772(today)
      322    0.000    0.000    0.003    0.000 datetime.py:867(toordinal)
        1    0.000    0.000    0.000    0.000 dis.py:1(<module>)
        1    0.000    0.000    0.000    0.000 dll.py:1(<module>)
        1    0.000    0.000    0.000    0.000 docopt.py:1(<module>)
        6    0.000    0.000    0.000    0.000 docopt.py:103(__init__)
       10    0.000    0.000    0.000    0.000 docopt.py:106(__repr__)
        8    0.000    0.000    0.000    0.000 docopt.py:109(flat)
        2    0.000    0.000    0.000    0.000 docopt.py:112(match)
        1    0.000    0.000    0.000    0.000 docopt.py:133(BranchPattern)
        5    0.000    0.000    0.000    0.000 docopt.py:137(__init__)
        1    0.000    0.000    0.000    0.000 docopt.py:140(__repr__)
        2    0.000    0.000    0.000    0.000 docopt.py:142(<genexpr>)
     12/4    0.000    0.000    0.000    0.000 docopt.py:144(flat)
        1    0.000    0.000    0.000    0.000 docopt.py:150(Argument)
        2    0.000    0.000    0.000    0.000 docopt.py:152(single_match)
        1    0.000    0.000    0.000    0.000 docopt.py:165(Command)
        1    0.000    0.000    0.000    0.000 docopt.py:17(DocoptLanguageError)
        1    0.000    0.000    0.000    0.000 docopt.py:180(Option)
        1    0.000    0.000    0.000    0.000 docopt.py:219(Required)
        1    0.000    0.000    0.000    0.000 docopt.py:22(DocoptExit)
      2/1    0.000    0.000    0.000    0.000 docopt.py:221(match)
        1    0.000    0.000    0.000    0.000 docopt.py:232(Optional)
        1    0.000    0.000    0.000    0.000 docopt.py:234(match)
        1    0.000    0.000    0.000    0.000 docopt.py:241(OptionsShortcut)
        1    0.000    0.000    0.000    0.000 docopt.py:246(OneOrMore)
        1    0.000    0.000    0.000    0.000 docopt.py:268(Either)
        1    0.000    0.000    0.000    0.000 docopt.py:282(Tokens)
        2    0.000    0.000    0.000    0.000 docopt.py:284(__init__)
        1    0.000    0.000    0.001    0.001 docopt.py:288(from_pattern)
        8    0.000    0.000    0.000    0.000 docopt.py:294(move)
       28    0.000    0.000    0.000    0.000 docopt.py:297(current)
        1    0.000    0.000    0.000    0.000 docopt.py:32(Pattern)
        4    0.000    0.000    0.000    0.000 docopt.py:34(__eq__)
        1    0.000    0.000    0.001    0.001 docopt.py:369(parse_pattern)
        2    0.000    0.000    0.000    0.000 docopt.py:37(__hash__)
      3/1    0.000    0.000    0.000    0.000 docopt.py:377(parse_expr)
      3/1    0.000    0.000    0.000    0.000 docopt.py:390(parse_seq)
        1    0.000    0.000    0.000    0.000 docopt.py:40(fix)
      4/1    0.000    0.000    0.000    0.000 docopt.py:402(parse_atom)
        1    0.000    0.000    0.000    0.000 docopt.py:428(parse_argv)
      3/1    0.000    0.000    0.000    0.000 docopt.py:45(fix_identities)
        1    0.000    0.000    0.002    0.002 docopt.py:452(parse_defaults)
        2    0.000    0.000    0.002    0.001 docopt.py:464(parse_section)
        1    0.000    0.000    0.000    0.000 docopt.py:470(formal_usage)
        3    0.000    0.000    0.000    0.000 docopt.py:473(<genexpr>)
        1    0.000    0.000    0.000    0.000 docopt.py:476(extras)
        3    0.000    0.000    0.000    0.000 docopt.py:477(<genexpr>)
        3    0.000    0.000    0.000    0.000 docopt.py:480(<genexpr>)
        1    0.000    0.000    0.000    0.000 docopt.py:485(Dict)
        1    0.000    0.000    0.005    0.005 docopt.py:490(docopt)
        1    0.000    0.000    0.000    0.000 docopt.py:57(fix_repeating_arguments)
        5    0.000    0.000    0.000    0.000 docopt.py:580(<genexpr>)
        1    0.000    0.000    0.000    0.000 docopt.py:72(transform)
       10    0.000    0.000    0.000    0.000 docopt.py:84(<genexpr>)
        1    0.000    0.000    0.000    0.000 docopt.py:99(LeafPattern)
        1    0.000    0.000    0.000    0.000 dummy.py:1(<module>)
        1    0.000    0.000    0.000    0.000 easy_backfill_scheduler.py:1(<module>)
    24081    0.111    0.000    1.894    0.000 easy_backfill_scheduler.py:11(new_events_on_job_submission)
    24081    0.120    0.000    1.564    0.000 easy_backfill_scheduler.py:28(new_events_on_job_termination)
    45298    0.089    0.000    1.930    0.000 easy_backfill_scheduler.py:39(_schedule_jobs)
        1    0.000    0.000    0.000    0.000 easy_backfill_scheduler.py:4(EasyBackfillScheduler)
    45298    0.134    0.000    0.453    0.000 easy_backfill_scheduler.py:45(_schedule_head_of_list)
      161    0.001    0.000    0.004    0.000 easy_backfill_scheduler.py:6(__init__)
    45298    0.189    0.000    0.880    0.000 easy_backfill_scheduler.py:60(_backfill_jobs)
        1    0.000    0.000    0.000    0.000 easy_plus_plus_scheduler.py:1(<module>)
        1    0.000    0.000    0.000    0.000 easy_plus_plus_scheduler.py:11(EasyPlusPlusScheduler)
        1    0.000    0.000    0.000    0.000 event_queue.py:1(<module>)
      161    0.001    0.000    0.001    0.000 event_queue.py:26(__init__)
        1    0.000    0.000    0.000    0.000 event_queue.py:3(EventQueue)
    72243    0.057    0.000    0.408    0.000 event_queue.py:31(add_event)
    72404    0.011    0.000    0.038    0.000 event_queue.py:52(is_empty)
    72404    0.007    0.000    0.020    0.000 event_queue.py:56(__len__)
    72243    0.015    0.000    0.425    0.000 event_queue.py:59(pop)
    72243    0.028    0.000    0.028    0.000 event_queue.py:64(_get_event_handlers)
72243/24243    0.252    0.000  125.636    0.005 event_queue.py:70(advance)
      805    0.002    0.000    0.004    0.000 event_queue.py:79(add_handler)
        2    0.000    0.000    0.000    0.000 function.py:100(_check_argtypes_for_fastpath)
     5648    0.005    0.000    0.005    0.000 function.py:150(_getrestype)
        1    0.000    0.000    0.000    0.000 function.py:153(_setrestype)
        3    0.000    0.000    0.000    0.000 function.py:182(_ffishapes)
        4    0.000    0.000    0.000    0.000 function.py:194(_set_address)
     5650    0.007    0.000    0.007    0.000 function.py:199(_get_address)
        1    0.000    0.000    0.000    0.000 function.py:2(<module>)
        7    0.000    0.000    0.000    0.000 function.py:202(__init__)
        3    0.000    0.000    0.000    0.000 function.py:274(_wrap_callable)
     5648    0.099    0.000    2.718    0.000 function.py:282(__call__)
     5648    1.132    0.000    1.450    0.000 function.py:360(_call_funcptr)
     5648    0.014    0.000    0.014    0.000 function.py:387(_do_errcheck)
     5650    0.065    0.000    0.134    0.000 function.py:400(_getfuncptr_fromaddress)
     5650    0.029    0.000    0.165    0.000 function.py:406(_getfuncptr)
    11294    0.226    0.000    0.729    0.000 function.py:455(_conv_param)
        1    0.000    0.000    0.000    0.000 function.py:46(CFuncPtrType)
     5648    0.215    0.000    0.991    0.000 function.py:494(_convert_args)
     5648    0.016    0.000    0.016    0.000 function.py:588(_is_primitive)
     5648    0.060    0.000    0.248    0.000 function.py:592(_wrap_result)
        1    0.000    0.000    0.000    0.000 function.py:61(CFuncPtr)
     5648    0.040    0.000    0.311    0.000 function.py:611(_build_result)
        1    0.000    0.000    0.000    0.000 function.py:649(__del__)
        2    0.000    0.000    0.000    0.000 function.py:662(make_fastpath_subclass)
        2    0.000    0.000    0.000    0.000 function.py:671(CFuncPtrFast)
        2    0.000    0.000    0.000    0.000 function.py:676(enable_fastpath_maybe)
        3    0.000    0.000    0.000    0.000 function.py:83(_getargtypes)
   872246    0.230    0.000    0.336    0.000 heapq.py:135(cmp_lt)
    72243    0.031    0.000    0.328    0.000 heapq.py:140(heappush)
    72243    0.024    0.000    0.395    0.000 heapq.py:145(heappop)
   144181    0.136    0.000    0.335    0.000 heapq.py:242(_siftdown)
    71938    0.168    0.000    0.367    0.000 heapq.py:295(_siftup)
        1    0.000    0.000    0.037    0.037 inspect.py:2(<module>)
        1    0.000    0.000    0.000    0.000 inspect.py:341(getmro)
        1    0.000    0.000    0.000    0.000 inspect.py:631(EndOfBlock)
        1    0.000    0.000    0.000    0.000 inspect.py:633(BlockFinder)
        1    0.000    0.000    0.000    0.000 io_utils.py:1(<module>)
    24497    0.112    0.000    0.112    0.000 io_utils.py:13(<genexpr>)
        1    0.000    0.000    0.000    0.000 io_utils.py:15(simple_name)
     5650    1.079    0.000    1.266    0.000 io_utils.py:9(write_lines_to_file)
        1    0.000    0.000    0.000    0.000 maui_scheduler.py:1(<module>)
        1    0.000    0.000    0.000    0.000 maui_scheduler.py:21(MauiScheduler)
      160    0.002    0.000    0.007    0.000 maui_scheduler.py:22(__init__)
        1    0.000    0.000    0.000    0.000 maui_scheduler.py:3(Weights)
    16000    0.031    0.000    0.618    0.000 maui_scheduler.py:40(new_events_on_job_submission)
    32000    0.029    0.000    0.482    0.000 maui_scheduler.py:46(_schedule_jobs)
    16000    0.026    0.000    0.038    0.000 maui_scheduler.py:49(<lambda>)
      320    0.001    0.000    0.001    0.000 maui_scheduler.py:5(__init__)
    32000    0.038    0.000    0.038    0.000 maui_scheduler.py:55(_unscheduled_jobs_in_backfilling_order)
    32000    0.021    0.000    0.077    0.000 maui_scheduler.py:60(_backfill_jobs)
    16000    0.009    0.000    0.009    0.000 maui_scheduler.py:76(aggregated_weight_of_job)
    16000    0.003    0.000    0.012    0.000 maui_scheduler.py:89(waiting_list_weight)
        1    0.000    0.000    0.000    0.000 online_l2r_maui_scheduler.py:1(<module>)
     8081    0.130    0.000    9.145    0.001 online_l2r_maui_scheduler.py:117(new_events_on_job_termination)
        3    0.000    0.000    0.000    0.000 online_l2r_maui_scheduler.py:136(<lambda>)
       80    0.042    0.001    4.877    0.061 online_l2r_maui_scheduler.py:153(_prepare_training_set_file)
       80    0.005    0.000    3.033    0.038 online_l2r_maui_scheduler.py:169(simulate)
        3    0.002    0.001    0.228    0.076 online_l2r_maui_scheduler.py:208(_merge_and_create_ml_training_file)
        1    0.000    0.000    0.000    0.000 online_l2r_maui_scheduler.py:21(Weights)
       15    0.000    0.000    0.010    0.001 online_l2r_maui_scheduler.py:221(<lambda>)
        2    0.000    0.000    0.000    0.000 online_l2r_maui_scheduler.py:23(__init__)
    13728    0.200    0.000    0.308    0.000 online_l2r_maui_scheduler.py:234(_convert_job_to_str)
    13298    0.079    0.000    1.779    0.000 online_l2r_maui_scheduler.py:286(_schedule_jobs)
    95391    0.059    0.000    0.083    0.000 online_l2r_maui_scheduler.py:290(<lambda>)
    13298    0.208    0.000    0.273    0.000 online_l2r_maui_scheduler.py:296(_unscheduled_jobs_in_backfilling_order)
    80743    0.048    0.000    0.064    0.000 online_l2r_maui_scheduler.py:299(<lambda>)
    13298    0.129    0.000    1.311    0.000 online_l2r_maui_scheduler.py:301(_backfill_jobs)
     3487    0.046    0.000    0.046    0.000 online_l2r_maui_scheduler.py:312(increment_bypass_counters)
   176134    0.030    0.000    0.030    0.000 online_l2r_maui_scheduler.py:317(aggregated_weight_of_job)
    95391    0.006    0.000    0.024    0.000 online_l2r_maui_scheduler.py:332(waiting_list_weight)
    80743    0.005    0.000    0.016    0.000 online_l2r_maui_scheduler.py:335(backfilling_weight)
        1    0.000    0.000    0.000    0.000 online_l2r_maui_scheduler.py:40(OnlineL2RMauiScheduler)
        1    0.000    0.000    0.043    0.043 online_l2r_maui_scheduler.py:51(__init__)
     8081    0.328    0.000  115.226    0.014 online_l2r_maui_scheduler.py:85(new_events_on_job_submission)
    16941    0.119    0.000    0.119    0.000 online_l2r_maui_scheduler.py:93(<lambda>)
        1    0.000    0.000    0.000    0.000 opcode.py:1(<module>)
      123    0.000    0.000    0.000    0.000 opcode.py:26(def_op)
       11    0.000    0.000    0.000    0.000 opcode.py:30(name_op)
        7    0.000    0.000    0.000    0.000 opcode.py:34(jrel_op)
        6    0.000    0.000    0.000    0.000 opcode.py:38(jabs_op)
        2    0.000    0.000    0.000    0.000 pointer.py:163(POINTER)
        1    0.000    0.000    0.000    0.000 pointer.py:18(PointerType)
        3    0.000    0.000    0.000    0.000 pointer.py:19(__new__)
        1    0.000    0.000    0.000    0.000 pointer.py:2(<module>)
        2    0.000    0.000    0.000    0.000 pointer.py:63(set_type)
        1    0.000    0.000    0.000    0.000 pointer.py:77(_Pointer)
        1    0.000    0.000    0.000    0.000 posixpath.py:119(basename)
        1    0.000    0.000    0.001    0.001 primitive.py:1(<module>)
        1    0.000    0.000    0.000    0.000 primitive.py:102(SimpleType)
       19    0.000    0.000    0.000    0.000 primitive.py:103(__new__)
     5647    0.027    0.000    0.037    0.000 primitive.py:126(_getvalue)
    11294    0.205    0.000    0.241    0.000 primitive.py:133(_setvalue)
        1    0.000    0.000    0.000    0.000 primitive.py:16(NULL)
     5647    0.046    0.000    0.140    0.000 primitive.py:296(_CData_output)
       38    0.000    0.000    0.000    0.000 primitive.py:302(_sizeofinstances)
    16961    0.028    0.000    0.028    0.000 primitive.py:308(_is_pointer_like)
        1    0.000    0.000    0.000    0.000 primitive.py:311(_SimpleCData)
    11294    0.113    0.000    0.366    0.000 primitive.py:315(__init__)
        1    0.000    0.000    0.000    0.000 primitive.py:50(GlobalPyobjContainer)
        1    0.000    0.000    0.000    0.000 primitive.py:51(__init__)
        1    0.000    0.000    0.000    0.000 prototype.py:102(StupidScheduler)
        1    0.000    0.000    0.000    0.000 prototype.py:121(Machine)
      161    0.001    0.000    0.002    0.000 prototype.py:123(__init__)
    24081    0.074    0.000    0.283    0.000 prototype.py:127(_start_job_handler)
    72243    0.048    0.000    0.056    0.000 prototype.py:13(__init__)
    24081    0.030    0.000    0.158    0.000 prototype.py:135(_add_job)
        1    0.000    0.000    0.000    0.000 prototype.py:144(ValidatingMachine)
      161    0.002    0.000    0.004    0.000 prototype.py:149(__init__)
    24081    0.031    0.000    0.209    0.000 prototype.py:156(_add_job)
    24081    0.021    0.000    0.094    0.000 prototype.py:161(_remove_job_handler)
    24081    0.071    0.000    0.146    0.000 prototype.py:198(_job_input_to_job)
     3688    0.009    0.000    0.062    0.000 prototype.py:21(__cmp__)
     7376    0.010    0.000    0.046    0.000 prototype.py:24(_cmp_tuple)
    24242    0.023    0.000    0.258    0.000 prototype.py:251(_job_inputs_to_jobs)
        1    0.000    0.000    0.000    0.000 prototype.py:256(Simulator)
     3688    0.012    0.000    0.030    0.000 prototype.py:29(__eq__)
        1    0.000    0.000    0.000    0.000 prototype.py:3(<module>)
     7376    0.018    0.000    0.018    0.000 prototype.py:32(_eq_tuple)
     7376    0.027    0.000    0.035    0.000 prototype.py:37(_type_order)
        1    0.000    0.000    0.000    0.000 prototype.py:46(JobSubmissionEvent)
        1    0.000    0.000    0.000    0.000 prototype.py:47(JobStartEvent)
        1    0.000    0.000    0.000    0.000 prototype.py:48(JobTerminationEvent)
        1    0.000    0.000    0.000    0.000 prototype.py:49(JobPredictionIsOverEvent)
        1    0.000    0.000    0.000    0.000 prototype.py:5(JobEvent)
        1    0.000    0.000    0.000    0.000 prototype.py:54(Job)
    24081    0.008    0.000    0.008    0.000 prototype.py:55(__init__)
    72243    0.007    0.000    0.007    0.000 prototype.py:8(next_counter)
    24081    0.007    0.000    0.007    0.000 prototype.py:89(finish_time)
   100569    0.028    0.000    0.028    0.000 prototype.py:94(predicted_finish_time)
        1    0.000    0.000    0.001    0.001 re.py:144(sub)
        2    0.000    0.000    0.001    0.000 re.py:164(split)
        8    0.000    0.000    0.030    0.004 re.py:188(compile)
       11    0.000    0.000    0.032    0.003 re.py:226(_compile)
        1    0.000    0.000    0.000    0.000 re.py:251(_compile_repl)
        1    0.000    0.000    0.000    0.000 re.py:271(_subx)
        4    0.000    0.000    0.000    0.000 re.py:277(filter)
        1    0.000    0.000  126.005  126.005 run.py:273(sim_statistics)
        1    0.002    0.002  126.028  126.028 run.py:3(<module>)
        1    0.000    0.000  125.961  125.961 run.py:86(simulate_scheduler)
        1    0.001    0.001    0.006    0.006 run_simulator.py:3(<module>)
    161/1    0.017    0.000  125.961  125.961 run_simulator.py:32(parse_and_run_simulator)
        1    0.000    0.000    0.001    0.001 scheduling_performance_measurement.py:2(<module>)
      160    0.010    0.000    0.123    0.001 scheduling_performance_measurement.py:26(average)
        1    0.002    0.002    0.044    0.044 scheduling_performance_measurement.py:39(all)
        1    0.000    0.000    0.000    0.000 scheduling_performance_measurement.py:48(SlowdownMeasure)
        1    0.000    0.000    0.000    0.000 scheduling_performance_measurement.py:5(SchedulingPerformanceMeasure)
      161    0.088    0.001    0.152    0.001 scheduling_performance_measurement.py:50(compute_log)
        1    0.000    0.000    0.000    0.000 scheduling_performance_measurement.py:60(Slowdown)
        1    0.000    0.000    0.000    0.000 scheduling_performance_measurement.py:69(BoundedSlowdown)
    24065    0.008    0.000    0.028    0.000 scheduling_performance_measurement.py:72(compute_job)
      161    0.001    0.000    0.001    0.000 scheduling_performance_measurement.py:8(__init__)
        1    0.000    0.000    0.000    0.000 shrinking_easy_scheduler.py:1(<module>)
        1    0.000    0.000    0.000    0.000 shrinking_easy_scheduler.py:7(ShrinkingEasyScheduler)
        1    0.000    0.000    0.000    0.000 simple_heap.py:1(<module>)
    72404    0.005    0.000    0.007    0.000 simple_heap.py:17(__len__)
        1    0.000    0.000    0.000    0.000 simple_heap.py:2(Heap)
      161    0.000    0.000    0.000    0.000 simple_heap.py:3(__init__)
    72243    0.023    0.000    0.351    0.000 simple_heap.py:6(push)
    72243    0.015    0.000    0.410    0.000 simple_heap.py:9(pop)
    161/1    0.118    0.001  125.679  125.679 simulator.py:149(run)
    161/1    0.001    0.000  125.916  125.916 simulator.py:154(run_simulator)
        1    0.000    0.000    0.000    0.000 simulator.py:16(Simulator)
      161    0.350    0.002    1.279    0.008 simulator.py:23(__init__)
        1    0.002    0.002    0.005    0.005 simulator.py:3(<module>)
    24081    0.166    0.000  116.140    0.005 simulator.py:70(handle_submission_event)
24081/8081    0.057    0.000    9.237    0.001 simulator.py:77(handle_termination_event)
    24081    0.206    0.000    0.526    0.000 simulator.py:84(store_terminated_job)
        1    0.000    0.000    0.000    0.000 site.py:382(__call__)
      121    0.001    0.000    0.009    0.000 sre_compile.py:178(_compile_charset)
      121    0.005    0.000    0.009    0.000 sre_compile.py:207(_optimize_charset)
      358    0.000    0.000    0.000    0.000 sre_compile.py:24(_identityfunction)
       26    0.003    0.000    0.003    0.000 sre_compile.py:258(_mk_bitmap)
   299/11    0.003    0.000    0.015    0.001 sre_compile.py:32(_compile)
      132    0.000    0.000    0.001    0.000 sre_compile.py:354(_simple)
       11    0.000    0.000    0.004    0.000 sre_compile.py:359(_compile_info)
       22    0.000    0.000    0.000    0.000 sre_compile.py:472(isstring)
       11    0.000    0.000    0.019    0.002 sre_compile.py:478(_code)
       11    0.000    0.000    0.032    0.003 sre_compile.py:493(compile)
        8    0.000    0.000    0.000    0.000 sre_compile.py:51(fixup)
      640    0.001    0.000    0.001    0.000 sre_parse.py:132(__len__)
     1355    0.002    0.000    0.002    0.000 sre_parse.py:136(__getitem__)
      132    0.000    0.000    0.000    0.000 sre_parse.py:140(__setitem__)
      366    0.000    0.000    0.000    0.000 sre_parse.py:144(append)
  429/143    0.003    0.000    0.004    0.000 sre_parse.py:146(getwidth)
       12    0.000    0.000    0.000    0.000 sre_parse.py:184(__init__)
     1040    0.003    0.000    0.003    0.000 sre_parse.py:188(__next)
      806    0.001    0.000    0.001    0.000 sre_parse.py:201(match)
      836    0.001    0.000    0.003    0.000 sre_parse.py:207(get)
       43    0.000    0.000    0.000    0.000 sre_parse.py:231(_class_escape)
       73    0.000    0.000    0.000    0.000 sre_parse.py:263(_escape)
    70/11    0.001    0.000    0.012    0.001 sre_parse.py:307(_parse_sub)
   133/12    0.004    0.000    0.012    0.001 sre_parse.py:385(_parse)
       11    0.000    0.000    0.013    0.001 sre_parse.py:683(parse)
        1    0.000    0.000    0.000    0.000 sre_parse.py:711(parse_template)
        2    0.000    0.000    0.000    0.000 sre_parse.py:718(literal)
       11    0.000    0.000    0.000    0.000 sre_parse.py:73(__init__)
       43    0.000    0.000    0.000    0.000 sre_parse.py:78(opengroup)
        4    0.000    0.000    0.000    0.000 sre_parse.py:799(expand_template)
       43    0.000    0.000    0.000    0.000 sre_parse.py:89(closegroup)
      299    0.000    0.000    0.000    0.000 sre_parse.py:96(__init__)
        1    0.001    0.001    0.038    0.038 structure.py:1(<module>)
        1    0.000    0.000    0.000    0.000 structure.py:124(_set_shape)
      6/1    0.000    0.000    0.000    0.000 structure.py:131(struct_setattr)
        1    0.000    0.000    0.000    0.000 structure.py:146(StructOrUnionMeta)
        4    0.000    0.000    0.000    0.000 structure.py:147(__new__)
        3    0.000    0.000    0.000    0.000 structure.py:169(_make_final)
        1    0.000    0.000    0.000    0.000 structure.py:217(StructOrUnion)
        1    0.000    0.000    0.000    0.000 structure.py:257(StructureMeta)
        1    0.000    0.000    0.000    0.000 structure.py:261(Structure)
        1    0.000    0.000    0.000    0.000 structure.py:78(Field)
        1    0.000    0.000    0.000    0.000 structure.py:9(names_and_fields)
        1    0.000    0.000    0.000    0.000 swf_utils.py:1(<module>)
     2904    0.003    0.000    0.004    0.000 swf_utils.py:10(<lambda>)
     5779    0.322    0.000    0.448    0.000 swf_utils.py:112(convert_to_ml_format)
    28895    0.037    0.000    0.037    0.000 swf_utils.py:114(<lambda>)
        1    0.000    0.000    0.007    0.007 swf_utils.py:161(getMaxProcs)
      264    0.125    0.000    0.157    0.001 swf_utils.py:45(extract_columns)
     5647    0.395    0.000    0.459    0.000 swf_utils.py:65(extract_columns_from_itr)
        1    0.002    0.002    0.030    0.030 tokenize.py:1(<module>)
        1    0.000    0.000    0.000    0.000 tokenize.py:146(TokenError)
        1    0.000    0.000    0.000    0.000 tokenize.py:148(StopTokenizing)
        1    0.000    0.000    0.000    0.000 tokenize.py:179(Untokenizer)
       19    0.000    0.000    0.000    0.000 tokenize.py:45(group)
        1    0.000    0.000    0.000    0.000 tokenize.py:46(any)
        2    0.000    0.000    0.000    0.000 tokenize.py:47(maybe)
        1    0.000    0.000    0.000    0.000 union.py:1(<module>)
        1    0.000    0.000    0.000    0.000 union.py:3(UnionMeta)
        1    0.000    0.000    0.000    0.000 union.py:6(Union)
        1    0.000    0.000    0.000    0.000 widgets.py:103(ETA)
        1    0.000    0.000    0.000    0.000 widgets.py:121(FileTransferSpeed)
        1    0.000    0.000    0.000    0.000 widgets.py:144(AnimatedMarker)
        1    0.000    0.000    0.000    0.000 widgets.py:168(Counter)
        1    0.000    0.000    0.000    0.000 widgets.py:173(__init__)
      898    0.004    0.000    0.004    0.000 widgets.py:176(update)
        1    0.000    0.000    0.000    0.000 widgets.py:180(Percentage)
        1    0.000    0.000    0.000    0.000 widgets.py:187(FormatLabel)
        1    0.001    0.001    0.002    0.002 widgets.py:21(<module>)
        1    0.000    0.000    0.000    0.000 widgets.py:219(SimpleProgress)
        1    0.000    0.000    0.000    0.000 widgets.py:231(Bar)
        1    0.000    0.000    0.000    0.000 widgets.py:236(__init__)
        1    0.000    0.000    0.000    0.000 widgets.py:269(ReverseBar)
        1    0.000    0.000    0.000    0.000 widgets.py:289(BouncingBar)
     3592    0.005    0.000    0.053    0.000 widgets.py:37(format_updatable)
        1    0.000    0.000    0.000    0.000 widgets.py:42(Widget)
        1    0.000    0.000    0.000    0.000 widgets.py:64(WidgetHFill)
        1    0.000    0.000    0.000    0.000 widgets.py:81(Timer)
        1    0.000    0.000    0.000    0.000 widgets.py:87(__init__)
      898    0.007    0.000    0.038    0.000 widgets.py:90(format_time)
      898    0.003    0.000    0.041    0.000 widgets.py:97(update)
        1    0.000    0.000    0.000    0.000 workload_parser.py:10(<module>)
        1    0.000    0.000    0.000    0.000 workload_parser.py:10(JobInput)
    24081    0.004    0.000    0.038    0.000 workload_parser.py:11(__init__)
    24081    0.006    0.000    0.006    0.000 workload_parser.py:16(number)
    48162    0.009    0.000    0.009    0.000 workload_parser.py:19(submit_time)
    72243    0.028    0.000    0.028    0.000 workload_parser.py:25(run_time)
    48162    0.010    0.000    0.010    0.000 workload_parser.py:37(num_requested_processors)
    48162    0.008    0.000    0.008    0.000 workload_parser.py:45(requested_time)
    24081    0.004    0.000    0.004    0.000 workload_parser.py:54(user_id)
    24081    0.004    0.000    0.004    0.000 workload_parser.py:72(think_time_from_preceding_job)
    24242    0.031    0.000    0.089    0.000 workload_parser.py:79(parse_lines)
    24100    0.009    0.000    0.021    0.000 workload_parser.py:82(_should_skip)
      161    0.002    0.000    0.003    0.000 {__import__}
        8    0.000    0.000    0.000    0.000 {__pypy__.builtinify}
       17    0.000    0.000    0.000    0.000 {__pypy__.newdict}
        3    0.000    0.000    0.000    0.000 {_rawffi.alignment}
     5647    0.010    0.000    0.010    0.000 {_rawffi.charp2string}
        2    0.000    0.000    0.000    0.000 {_rawffi.get_libc}
       41    0.000    0.000    0.000    0.000 {_rawffi.sizeof}
       30    0.000    0.000    0.000    0.000 {_sre.getlower}
       18    0.000    0.000    0.000    0.000 {_struct.calcsize}
     1065    0.001    0.000    0.001    0.000 {abs}
        5    0.000    0.000    0.000    0.000 {callable}
     3688    0.007    0.000    0.007    0.000 {cmp}
     7443    0.005    0.000    0.005    0.000 {divmod}
        1    0.000    0.000    0.000    0.000 {fcntl.ioctl}
     5807  111.530    0.019  111.530    0.019 {gc.collect}
     9409    0.020    0.000    0.020    0.000 {getattr}
  1012196    0.103    0.000    0.103    0.000 {hasattr}
        2    0.000    0.000    0.000    0.000 {hash}
    73151    0.064    0.000    0.113    0.000 {isinstance}
      9/3    0.000    0.000    0.000    0.000 {issubclass}
653850/508871    0.096    0.000    0.108    0.000 {len}
     1387    0.002    0.000    0.002    0.000 {math.floor}
    71650    0.028    0.000    0.028    0.000 {max}
        4    0.000    0.000    0.000    0.000 {method 'Pointer' of 'type' objects}
       30    0.000    0.000    0.000    0.000 {method '__contains__' of 'frozenset' objects}
     5647    0.012    0.000    0.012    0.000 {method '__new__' of 'SimpleType' objects}
      322    0.000    0.000    0.000    0.000 {method '__new__' of 'structseqtype' objects}
     1393    0.002    0.000    0.002    0.000 {method '__new__' of 'type' objects}
        6    0.000    0.000    0.000    0.000 {method '__setattr__' of 'object' objects}
       12    0.000    0.000    0.000    0.000 {method '__subclasses__' of 'type' objects}
       12    0.000    0.000    0.000    0.000 {method '__subclasshook__' of 'object' objects}
   140369    0.068    0.000    0.068    0.000 {method 'add' of 'set' objects}
       80    0.000    0.000    0.000    0.000 {method 'append' of 'collections.deque' objects}
  1648660    0.270    0.000    0.270    0.000 {method 'append' of 'list' objects}
        3    0.000    0.000    0.000    0.000 {method 'byptr' of 'CallbackPtr' objects}
        2    0.000    0.000    0.000    0.000 {method 'clear' of 'dict' objects}
      162    0.001    0.000    0.001    0.000 {method 'close' of 'file' objects}
   155848    0.064    0.000    0.064    0.000 {method 'copy' of 'set' objects}
     5913    0.016    0.000    0.016    0.000 {method 'count' of 'list' objects}
        1    0.000    0.000    0.000    0.000 {method 'disable' of '_lsprof.Profiler' objects}
        2    0.000    0.000    0.000    0.000 {method 'endswith' of 'str' objects}
      825    0.001    0.000    0.001    0.000 {method 'extend' of 'list' objects}
        2    0.000    0.000    0.000    0.000 {method 'findall' of 'SRE_Pattern' objects}
    18907    0.010    0.000    0.010    0.000 {method 'format' of 'str' objects}
    11293    0.019    0.000    0.019    0.000 {method 'free' of 'ArrayInstance' objects}
        1    0.000    0.000    0.000    0.000 {method 'free' of 'CallbackPtr' objects}
     5648    0.006    0.000    0.006    0.000 {method 'free_temp_buffers' of '_rawffi.alt.FuncPtr' objects}
     5650    0.045    0.000    0.045    0.000 {method 'fromaddr' of 'type' objects}
      349    0.000    0.000    0.000    0.000 {method 'get' of 'dict' objects}
        2    0.000    0.000    0.000    0.000 {method 'getaddr' of '_rawffi.alt.FuncPtr' objects}
        2    0.000    0.000    0.000    0.000 {method 'getaddressindll' of 'CDLL' objects}
        2    0.000    0.000    0.000    0.000 {method 'getfunc' of '_rawffi.alt.CDLL' objects}
        4    0.000    0.000    0.000    0.000 {method 'group' of 'SRE_Match' objects}
     7378    0.008    0.000    0.008    0.000 {method 'index' of 'list' objects}
      214    0.000    0.000    0.000    0.000 {method 'isalnum' of 'str' objects}
      161    0.001    0.000    0.001    0.000 {method 'isatty' of 'file' objects}
       30    0.000    0.000    0.000    0.000 {method 'isdigit' of 'str' objects}
       34    0.000    0.000    0.000    0.000 {method 'items' of 'dict' objects}
        3    0.000    0.000    0.000    0.000 {method 'iteritems' of 'dict' objects}
    44764    0.040    0.000    0.042    0.000 {method 'join' of 'str' objects}
      898    0.001    0.000    0.001    0.000 {method 'ljust' of 'str' objects}
    52679    0.005    0.000    0.005    0.000 {method 'lstrip' of 'str' objects}
        2    0.000    0.000    0.000    0.000 {method 'partition' of 'str' objects}
        6    0.000    0.000    0.000    0.000 {method 'pop' of 'dict' objects}
   226330    0.020    0.000    0.020    0.000 {method 'pop' of 'list' objects}
      161    0.530    0.003    0.530    0.003 {method 'read' of 'file' objects}
        1    0.007    0.007    0.007    0.007 {method 'readlines' of 'file' objects}
   118921    0.057    0.000    0.057    0.000 {method 'remove' of 'list' objects}
    98818    0.114    0.000    0.114    0.000 {method 'remove' of 'set' objects}
       12    0.000    0.000    0.000    0.000 {method 'replace' of 'str' objects}
        1    0.000    0.000    0.000    0.000 {method 'rfind' of 'str' objects}
      805    0.001    0.000    0.001    0.000 {method 'setdefault' of 'dict' objects}
    45299    0.106    0.000    0.227    0.000 {method 'sort' of 'list' objects}
        2    0.000    0.000    0.000    0.000 {method 'split' of 'SRE_Pattern' objects}
    80524    0.091    0.000    0.091    0.000 {method 'split' of 'str' objects}
    52779    0.010    0.000    0.010    0.000 {method 'startswith' of 'str' objects}
    80357    0.017    0.000    0.017    0.000 {method 'strip' of 'str' objects}
        1    0.000    0.000    0.000    0.000 {method 'sub' of 'SRE_Pattern' objects}
      324    0.000    0.000    0.000    0.000 {method 'title' of 'str' objects}
    26669    0.064    0.000    0.064    0.000 {method 'write' of 'file' objects}
     5650    0.075    0.000    0.187    0.000 {method 'writelines' of 'file' objects}
      161    0.000    0.000    0.000    0.000 {method 'xreadlines' of 'file' objects}
     1028    0.006    0.000    0.006    0.000 {min}
      324    0.000    0.000    0.000    0.000 {ord}
        4    1.133    0.283    1.133    0.283 {posix.system}
    17747    0.018    0.000    0.018    0.000 {range}
    17/16    0.000    0.000    0.000    0.000 {repr}
        1    0.000    0.000    0.000    0.000 {reversed}
       20    0.000    0.000    0.000    0.000 {setattr}
        1    0.000    0.000    0.000    0.000 {signal.signal}
        6    0.000    0.000    0.000    0.000 {sys._getframe}
      322    0.006    0.000    0.014    0.000 {time.localtime}
     9302    0.011    0.000    0.011    0.000 {time.time}
