"name"   "avgft"   "maxft"   "RMSFT"   "avgstretch"   "maxstretch"   "RMSS"   "avgbsld"   "maxbsld"   "RMSBSLD"
"simulations/tsaf_cor_recu"   6366.9900334383   299921   NA   5.67688429296137   36353   149.136966302723   3.64566687434946   5211.5   51.3953549703608
"simulations/tsaf_cor_reqt"   6363.25533227283   298369   NA   5.79819193542537   35734   160.261530260784   3.74965495988169   4935.4   56.2304217314008
"simulations/sgd_symm_abs_cor_recu"   6376.47923362443   299899   NA   5.84525061161077   35734   148.993736564866   3.78955258642357   4182.2   51.197112400378
"simulations/sgd_symm_squared_cor_reqt"   6356.72953391986   226808   NA   5.91651897989207   35704   150.981277868256   3.68568254741375   4142.8   49.48391893151
"simulations/sgd_symm_abs_cor_reqt"   6371.14361155299   275289   NA   6.44419513084684   35734   202.975566038455   3.9769649797604   6440.6   70.3160356220866
"simulations/sgd_symm_abs_cor_tsaf"   6372.64783192113   272945   NA   6.48926107869542   37437   151.469265253168   3.76157775033481   4528.7   49.9208478564051
"simulations/sgd_symm_squared_cor_tsaf"   6425.37762014522   239867   NA   7.19094376258106   35734   230.490190602526   3.92339753048349   6119.4   52.3442039684608
"simulations/tsaf_cor_tsaf"   6441.76471447586   276375   NA   7.3516313163746   36072   222.974440813456   4.10390915573163   5215.4   60.896006185037
"simulations/sgd_weighted_symm_abs_cor_reqt"   6447.09734982523   205861   NA   7.38863100407737   56879   217.957241474476   4.43179440489709   13407.4   65.8896487643287
"simulations/sgd_symm_squared_cor_recu"   6438.90204958391   296203   NA   7.58611523860285   59771   223.437524088045   4.373329650911   5977.1   59.8919996799846
"simulations/sgd_weighted_symm_abs_cor_recu"   6533.29965154909   224603   NA   8.68078311732734   57439   229.83171524064   5.23031624232187   5743.9   67.9128331275358
"simulations/sgd_weighted_symm_squared_cor_recu"   6506.02757307189   193356   NA   8.72522091189579   38846   191.372510144979   4.97383204018382   6117.2   65.7349177690139
"simulations/sgd_asym_weak_abs_cor_tsaf"   6538.27982122953   225067   NA   8.98082539486671   56553   208.616287478815   5.56407404600648   6117.2   68.1925618903834
"simulations/double_reqt"   6548.18611282451   227158   NA   9.24782645750818   57687   229.327897496542   5.52010793364764   5768.7   70.9169170219272
"simulations/sgd_weighted_symm_abs_cor_tsaf"   6537.77622309515   216789   NA   9.37196882001625   43159   277.986061251096   4.94224290733372   5775.1   65.6825808519472
"simulations/sgd_asym_weak_squared_cor_recu"   6583.7723436029   193356   NA   9.39381904399463   27534   179.829136996323   5.76280266400209   4750.3   69.5635011702816
"simulations/sgd_asym_weak_abs_cor_recu"   6534.48458483481   201799   NA   9.4223831426898   54958   210.532748167923   5.5661819755871   5495.8   68.1711672714445
"simulations/sgd_weighted_symm_squared_cor_reqt"   6525.07814173944   195049   NA   9.53600770475548   59239   215.801183793253   5.4619905592737   5923.9   66.0085214086451
"simulations/sgd_weighted_asym_weak_abs_cor_reqt"   6606.43325866528   204095   NA   9.64851579656449   54729   210.99614722004   5.75070684740867   7124.2   73.3464202507275
"simulations/sgd_weighted_symm_squared_cor_tsaf"   6585.97196160547   215869   NA   9.75046042708333   56319   240.117294405881   5.73530896404814   6053.5   72.0226117124014
"simulations/sgd_asym_strong_squared_cor_recu"   6623.53748011557   203282   NA   10.0904228946337   53151   227.707403955832   6.06760708759433   7521.4   78.064228014717
"simulations/sgd_asym_strong_abs_cor_tsaf"   6613.83354976247   195965   NA   10.1093430000121   59499   239.743648201361   6.02328438370195   5949.9   72.9847141679015
"simulations/sgd_weighted_asym_strong_abs_cor_tsaf"   6644.38237617548   202704   NA   10.1819532121979   56537   221.567353454352   6.43021116592568   7336.3   81.5641858227935
"simulations/sgd_asym_weak_squared_cor_reqt"   6579.39143914554   204840   NA   10.2860564656972   61268   229.008235336868   5.91786259517646   6126.8   68.8201641991888
"simulations/sgd_weighted_asym_strong_squared_cor_reqt"   6597.7082372929   201928   NA   10.3458754916442   52346   229.090820383859   6.0019054521356   5234.6   73.5565716426296
"simulations/reqtime"   6642.2954041273   200533   NA   10.4051424371611   55615   229.311336110867   6.43680479800452   5561.5   80.6398311436654
"simulations/sgd_weighted_asym_strong_abs_cor_recu"   6657.0638033092   192050   NA   10.4821815016734   54228   231.479170764776   6.61738140532807   7895   87.4927625092456
"simulations/sgd_weighted_asym_weak_abs_cor_tsaf"   6636.45153610579   199478   NA   10.6114954883221   52960   220.401680144606   6.29947936847394   5296   74.8174923212913
"simulations/sgd_weighted_asym_weak_squared_cor_reqt"   6609.32607213583   198486   NA   10.635954251186   56671   229.715808732432   6.24014563113987   5667.1   74.9601946342992
"simulations/sgd_asym_strong_abs_cor_recu"   6602.03046240085   218759   NA   10.6526666097163   53091   240.596341135138   6.47084878061044   5309.1   79.249865677596
"simulations/sgd_asym_weak_squared_cor_tsaf"   6620.05069852504   197772   NA   10.7075668851644   56671   239.256480353263   6.26726099736433   5667.1   77.323170937232
"simulations/sgd_weighted_asym_weak_squared_cor_recu"   6586.95268318021   201019   NA   10.8162274038122   57618   221.772166088663   5.91364902211126   5761.8   73.6306902592405
"simulations/sgd_asym_strong_abs_cor_reqt"   6612.34603231287   218483   NA   10.8790376334402   52737   238.577116023833   6.56291468271068   5273.7   79.4671300041812
"simulations/sgd_asym_strong_squared_cor_reqt"   6632.02941271954   218095   NA   10.951394398381   56219   245.550354372221   6.42723951336072   8470.8   80.2997228627182
"simulations/sgd_weighted_asym_strong_abs_cor_reqt"   6663.45157398089   191997   NA   11.0011409029863   56671   237.636809200041   6.7985024450233   7854.9   87.9340790569122
"simulations/sgd_weighted_asym_strong_squared_cor_tsaf"   6650.36308692876   207115   NA   11.0496802665833   53735   242.515514813256   6.42911421034989   7601.3   80.676511092933
"simulations/sgd_weighted_asym_weak_squared_cor_tsaf"   6613.13652890952   208796   NA   11.1180823588184   52737   240.095856103004   5.96540025646013   5273.7   73.691251780849
"simulations/sgd_weighted_asym_strong_squared_cor_recu"   6634.4219610644   216821   NA   11.1301626982991   53349   256.636161091269   6.28043868194806   6718.8   82.2970573577046
"simulations/sgd_asym_weak_abs_cor_reqt"   6538.7864277289   231967   NA   11.1401992436398   53825   225.159040566726   5.67574483916091   5382.5   65.5129599016056
"simulations/sgd_weighted_asym_weak_abs_cor_recu"   6617.99192719324   201889   NA   11.235852720144   51745   224.706292663379   6.33915730103843   5829.3   72.7025088003711
"simulations/sgd_asym_strong_squared_cor_tsaf"   6664.63863909359   199073   NA   11.4386561984642   55177   249.440592040174   6.68277066577284   8700.7   82.9536683566871
"simulations/clairvoyant"   6871.05123959787   197516   NA   13.3175914295168   24168   232.007490573038   6.14100881508037   5436.3   65.886509964848
"name"   "avgft"   "maxft"   "RMSFT"   "avgstretch"   "maxstretch"   "RMSS"   "avgbsld"   "maxbsld"   "RMSBSLD"
"simulations/sgd_weighted_symm_abs_cor_recu"   2609   2609   2609   1   1   1   1   1   1
"simulations/sgd_symm_squared_cor_recu"   13221.612394688   1662846   NA   11.825124727697   12790.3615384615   112.877436974749   10.4924345824305   12790.3615384615   80.2778608293824
"simulations/sgd_symm_abs_cor_recu"   13215.8836355847   2035412   NA   12.0510916266943   15656.2538461538   113.326342342509   10.7156459956836   15656.2538461538   90.2314889433475
"simulations/sgd_weighted_symm_squared_cor_reqt"   13221.0877623875   415767   NA   12.2742581070162   9527   88.1883221365441   11.1376512559841   3989.02564102564   58.5585244833775
"simulations/sgd_weighted_symm_abs_cor_reqt"   13378.6946451521   381175   NA   12.4619169421576   15577.8   115.285212109405   11.1023884521001   7788.9   68.0790025341021
"simulations/tsaf_cor_reqt"   13185.377852349   1190597   NA   12.4857038253396   9157.67692307692   89.1160882860409   11.9262552953445   9157.67692307692   79.9247994254959
"simulations/clairvoyant"   13570.5649150364   185764   NA   12.5757735825721   12840   119.705282133481   10.7683645016567   2025.95   48.0942652459467
"simulations/sgd_symm_squared_cor_reqt"   13093.6072825932   1187152   NA   13.109962124695   12606   122.037382292891   11.1045175986529   5195.91538461538   60.1457757821603
"simulations/tsaf_cor_recu"   14806.3247036984   1270453   NA   13.4194903814658   9771.95384615385   117.648510497062   12.3095869443901   9771.95384615385   99.4628964636567
"simulations/sgd_weighted_symm_squared_cor_recu"   13816.5025417678   856501   NA   13.6475412725071   10292   120.82755056897   11.6478381634087   6219.27692307692   71.2085027175371
"simulations/sgd_symm_abs_cor_reqt"   13037.3058546337   1056323   NA   13.7657431271534   9040   110.205727074508   11.5575790353469   5158.20769230769   65.1364336581884
"simulations/sgd_asym_weak_squared_cor_recu"   14165.5907182636   521001   NA   13.9036865193339   12694.8   126.540681440896   12.175792090869   6347.4   74.7390315998266
"simulations/tsaf_cor_tsaf"   14743.9712408968   401316   NA   15.1079024440673   12840   170.854061208953   12.7400019977733   4775.25   81.7577515102818
"simulations/sgd_symm_abs_cor_tsaf"   13659.5938454948   341067   NA   15.4350840814526   14751.4   147.227908350307   12.0264145826664   7375.7   73.4153345683105
"simulations/sgd_asym_strong_squared_cor_recu"   13875.0541053834   282848   NA   17.5356766586585   18265.2   241.709808127272   13.3489787412127   9132.6   84.3210175425645
"simulations/sgd_asym_strong_abs_cor_tsaf"   13670.1419820077   200302   NA   18.0491804973367   16750.4   193.38259102818   13.1407010304869   8375.2   75.8904200926705
"simulations/sgd_asym_strong_abs_cor_reqt"   13668.8556618592   202155   NA   18.1242059994846   16750.4   193.024822037438   13.188782263852   8375.2   74.6946311584527
"simulations/sgd_asym_strong_squared_cor_tsaf"   13877.6641296587   196985   NA   18.5321403282636   17162.6   197.602238893947   14.2674253025036   8581.3   81.280484177682
"simulations/sgd_weighted_asym_weak_abs_cor_recu"   13722.7957161217   277296   NA   18.5535708149127   19025   301.594409458306   12.6827527244798   8275.9   79.6303748499042
"simulations/sgd_asym_weak_abs_cor_tsaf"   13908.5692988719   219117   NA   19.6731670236177   14765   191.187180463669   14.4201102157643   7382.5   76.0713486704376
"simulations/sgd_weighted_asym_weak_squared_cor_tsaf"   14021.7650292732   208994   NA   20.9654502746624   15008.6   237.680434462317   14.8607337359454   7504.3   80.0674033731024
"simulations/sgd_weighted_asym_strong_squared_cor_reqt"   13899.8667285449   206093   NA   21.9946864134468   15897.6   292.182720150562   14.2690103936457   7948.8   86.8383432951581
"simulations/sgd_asym_weak_abs_cor_reqt"   13729.6037555333   213310   NA   22.2835761759394   16707.6   305.050124086879   13.9885238117599   8353.8   82.8823032054119
"simulations/sgd_weighted_asym_strong_abs_cor_tsaf"   13714.8713836927   204316   NA   22.4200687422187   17989.2   307.800037552615   14.0270501662796   8994.6   84.7011749855231
"simulations/sgd_weighted_asym_strong_abs_cor_reqt"   13697.0702698843   202155   NA   22.9320653634854   17989.2   312.734358492927   14.3212445871288   8994.6   85.1949154874085
"simulations/sgd_asym_weak_abs_cor_recu"   13698.5251892046   296853   NA   24.0992518936994   23420   415.689506608377   12.8839748808999   3807.3   83.007263751283
"simulations/sgd_weighted_asym_weak_abs_cor_reqt"   13706.9794088248   203389   NA   25.5804210460825   18758   391.121821448131   14.46613709408   8345   87.3034109339914
"simulations/sgd_weighted_asym_weak_squared_cor_reqt"   13834.9859917178   209398   NA   25.9442390756434   17658   392.678729898385   15.0760446850308   7728.5   90.2707107137944
"simulations/double_reqt"   13518.0116093103   239118   NA   27.4306919516559   25547   507.766970200619   13.619249638951   7256.7   101.132783854885
"simulations/sgd_weighted_asym_weak_abs_cor_tsaf"   13917.3697272597   204046   NA   27.5089229763048   27907   488.993936557611   15.5970864447956   7452.5   104.490929624137
"simulations/reqtime"   13729.2818077967   202955   NA   27.7827350667243   20276   439.353013513374   15.085411074059   9007.4   98.4605031864392
"simulations/sgd_asym_strong_squared_cor_reqt"   13893.5753391404   199281   NA   27.8850029436096   28200   501.492784201582   15.4634779112538   8189.8   105.683260606807
"simulations/sgd_weighted_asym_strong_squared_cor_tsaf"   13907.3701984864   210661   NA   28.6691766724496   28492   515.095580991905   15.6661722967739   7948.8   109.929516279601
"simulations/sgd_weighted_asym_strong_abs_cor_recu"   13798.3528202199   213392   NA   29.3683788097003   26003   509.534403960747   15.2856823066143   8994.6   105.485044802899
"simulations/sgd_asym_weak_squared_cor_tsaf"   14041.147465372   228162   NA   37.1658422913751   48587   833.138639062886   17.4380381076806   4858.7   147.30244659016
"simulations/sgd_weighted_symm_abs_cor_tsaf"   14006.0719263173   268576   NA   37.1716044852903   42502   783.212387462738   16.3285705134551   8143.1   140.961048945323
"simulations/sgd_symm_squared_cor_tsaf"   14122.4559188919   248030   NA   38.6862070805225   54348   921.61197652814   17.5761926762649   5434.8   161.934104440989
"simulations/sgd_weighted_asym_strong_squared_cor_recu"   13798.91337998   241518   NA   38.7252717346275   53521   917.429846378102   17.1274811278808   7549.5   162.964409094423
"simulations/sgd_weighted_symm_squared_cor_tsaf"   14402.5070255605   287189   NA   40.0893708985396   44331   835.605617364372   17.5924839691284   4603.38461538462   144.123630620567
"simulations/sgd_weighted_asym_weak_squared_cor_recu"   14137.0329715836   272162   NA   41.4680467997967   58317   999.425262650834   17.6885358815735   5831.9   172.641403814698
"simulations/sgd_asym_strong_abs_cor_recu"   13976.0074539483   265666   NA   43.7992490283236   64981   1102.65671894124   18.5192912097923   8049   190.409527433572
"simulations/sgd_asym_weak_squared_cor_reqt"   14157.3760245609   224654   NA   44.4253057872327   55828   979.91267059227   19.3855053672313   7506.1   170.49338350027
"name"   "avgft"   "maxft"   "RMSFT"   "avgstretch"   "maxstretch"   "RMSS"   "avgbsld"   "maxbsld"   "RMSBSLD"
"simulations/tsaf_cor_reqt"   14266.2161756829   406561   NA   132.437679724109   100999.333333333   1561.55872056578   65.5701782433644   30299.8   492.085275110219
"simulations/clairvoyant"   14670.7658632387   303207   NA   138.645586821267   52161   1397.79024435676   71.4934239705292   10017.2   370.15693157787
"simulations/sgd_symm_squared_cor_recu"   14735.2209248349   364162   NA   147.464984810676   96970   1623.73689663816   73.3739093649646   17981.7   475.929127379816
"simulations/double_reqt"   14310.9483663631   382389   NA   149.18632738989   93189   1705.05139953131   74.1285573913357   21370.4   452.077570507468
"simulations/sgd_symm_abs_cor_recu"   14787.8122478129   449249   NA   153.877793383985   92856   1751.04313392079   75.9272730262262   21212.8   506.818646500561
"simulations/sgd_symm_squared_cor_reqt"   14840.9856811284   366338   NA   155.322179973   88737   1578.04635363353   77.1769804763116   15615.8   429.073075570042
"simulations/sgd_symm_abs_cor_reqt"   14785.5672201393   365854   NA   157.704576536878   97087   1633.19987643316   77.7312220480257   13557   432.196419565514
"simulations/sgd_weighted_symm_abs_cor_recu"   14828.9806106052   393060   NA   158.311224044277   94301   1730.79617153798   78.1721435937904   14073.3   472.376995767125
"simulations/tsaf_cor_recu"   14733.3129441171   685256   NA   162.67597471438   133215.666666667   1988.23578660798   74.127342596533   39964.7   546.145172860815
"simulations/sgd_asym_weak_abs_cor_recu"   14689.4407784324   392424   NA   164.26569445928   104871   1817.48748334553   76.6309670863334   17583.2   452.786448242524
"simulations/tsaf_cor_tsaf"   15536.5199428673   435580   NA   166.161826675063   118909.333333333   1849.35392211408   84.3084464255046   35831.4   621.677846901945
"simulations/sgd_weighted_symm_squared_cor_reqt"   15099.2264952687   309972   NA   169.053154583169   93440   1742.64209066938   80.4780584552102   13158.7   442.475885882279
"simulations/sgd_weighted_symm_squared_cor_recu"   15206.5005891805   381723   NA   172.26144042638   81697   1828.01889542302   81.6888882035622   18801.9   501.908539599099
"simulations/sgd_weighted_asym_weak_abs_cor_recu"   14955.9733618997   379787   NA   173.114854106707   105102   1819.81230232522   82.6458841665316   18493   465.46508148321
"simulations/sgd_asym_weak_squared_cor_recu"   15220.008677022   430521   NA   173.683038169958   114241   1896.54887967175   84.2261119974773   17662.2   496.345547198307
"simulations/sgd_weighted_asym_weak_squared_cor_recu"   15135.4112836993   364250   NA   179.771799451734   99460   1849.48489685798   86.7755321326895   17510.1   492.187567466635
"simulations/sgd_asym_strong_abs_cor_recu"   14811.3448312801   427055   NA   182.78445236634   90111   1926.94036615465   82.0602556951109   18090   449.758388579879
"simulations/reqtime"   14916.8550973041   309231   NA   183.00876932556   95943   1858.11855744587   86.2191448537394   14805.2   453.800872728712
"simulations/sgd_asym_strong_squared_cor_recu"   14981.9517229066   315832   NA   183.383925481834   95943   1880.9436208357   84.3785878012039   12968.5   452.343567076273
"simulations/sgd_asym_weak_abs_cor_reqt"   14976.5730048206   314861   NA   184.025096765656   138989   2103.63745404821   84.5589347566044   14805.2   470.4292757751
"simulations/sgd_asym_weak_squared_cor_reqt"   15356.3521514015   406138   NA   185.312333309632   124919   2011.01679697375   85.472408508789   17761.6   474.884161489631
"simulations/sgd_weighted_asym_strong_squared_cor_recu"   14858.7281556865   348490   NA   186.991061008696   144020   2081.24194972926   83.1583872939681   18369.9   461.297896819358
"simulations/sgd_weighted_asym_weak_squared_cor_tsaf"   15502.0747723621   363281   NA   188.237456101761   205758   2302.77279875796   86.8931581305936   20575.8   502.104653785497
"simulations/sgd_weighted_asym_weak_abs_cor_reqt"   15093.1277628995   328454   NA   188.266568495758   140791   2073.71958009891   85.3262668914527   14079.1   455.065122774038
"simulations/sgd_weighted_asym_strong_abs_cor_recu"   14817.9800392787   364742   NA   189.060049482403   103096   2100.12191891586   82.2230986969708   19510.8   463.250479834398
"simulations/sgd_weighted_symm_abs_cor_reqt"   15140.6418853776   323046   NA   189.790700990428   147520   2111.94143479008   84.8728387322717   14752   469.324633181694
"simulations/sgd_weighted_asym_strong_squared_cor_reqt"   14833.4831637208   318921   NA   191.959848585177   261354   2550.28504207928   84.0990198074362   26135.4   475.517657426518
"simulations/sgd_weighted_asym_weak_squared_cor_reqt"   15169.2361006963   315774   NA   192.513032869091   179670   2200.48525000912   86.8473863575554   17967   471.171660476897
"simulations/sgd_weighted_asym_strong_abs_cor_reqt"   14828.2331369398   309231   NA   192.838365589904   240040   2460.69533937397   84.605169250248   24004   481.115877125998
"simulations/sgd_weighted_asym_strong_squared_cor_tsaf"   15331.7819317979   358345   NA   193.26210229048   199047   2290.23651283544   86.5236592970236   22199.2   505.633434297006
"simulations/sgd_asym_strong_abs_cor_reqt"   14861.3259060882   309231   NA   194.39469696457   240040   2456.57801027933   85.0515732876755   24004   481.932635358617
"simulations/sgd_weighted_asym_weak_abs_cor_tsaf"   15410.1480806999   366425   NA   194.547613669528   154922   2174.22045866052   87.5691748703342   24850.9   502.34759237327
"simulations/sgd_asym_weak_abs_cor_tsaf"   15454.8561685413   317600   NA   195.689205081618   195566   2371.47658895192   90.2069412285079   19556.6   504.05791470047
"simulations/sgd_asym_strong_squared_cor_reqt"   15097.9284770577   339764   NA   196.3360842805   182457   2216.79749371852   88.7697012791653   18245.7   471.491681211169
"simulations/sgd_asym_strong_abs_cor_tsaf"   15034.9619710766   331129   NA   197.062351628601   254171   2547.27933249969   86.336525146369   25417.1   499.265398892163
"simulations/sgd_weighted_asym_strong_abs_cor_tsaf"   15136.0662738797   311738   NA   197.963471238648   254171   2548.55730099389   88.2500684449288   25417.1   509.426271713668
"simulations/sgd_symm_abs_cor_tsaf"   15615.3900374933   369821   NA   200.70915235271   320220   3115.56908977296   88.8078217654854   32022   545.879234523325
"simulations/sgd_asym_weak_squared_cor_tsaf"   15919.0334226031   370062   NA   202.304414133864   210764   2520.52324841052   91.4041327215311   21076.4   520.638485624326
"simulations/sgd_symm_squared_cor_tsaf"   16126.1280485628   404712   NA   203.141660961948   207968   2524.94103104632   88.1020958191024   22384.5   524.443229343903
"simulations/sgd_weighted_symm_squared_cor_tsaf"   16275.7010533833   362440   NA   203.949289900492   313363   2842.63866118801   91.0651228016466   31336.3   543.140762729531
"simulations/sgd_asym_strong_squared_cor_tsaf"   15489.7851812176   364742   NA   205.054561809833   254742   2721.71959874758   90.8111538866451   25474.2   536.12304820939
"simulations/sgd_weighted_symm_abs_cor_tsaf"   16100.8659882164   322913   NA   218.677772292681   268872   2965.56694375149   102.117136606876   26887.2   596.971785685692
"name"   "avgft"   "maxft"   "RMSFT"   "avgstretch"   "maxstretch"   "RMSS"   "avgbsld"   "maxbsld"   "RMSBSLD"
"simulations/sgd_symm_abs_cor_reqt"   5150.531077391   767981   NA   9.79227345503717   7916.81443298969   72.4452143317074   9.76577012352337   7916.81443298969   71.2427056414236
"simulations/tsaf_cor_reqt"   5162.5568871439   714611   NA   9.83220914769772   7115.15463917526   70.4470714815119   9.79511385335423   7115.15463917526   69.0172878928312
"simulations/tsaf_cor_recu"   5269.25960393483   587252   NA   9.87992922820853   6169   73.3947185194173   9.83695608185626   6043.73684210526   71.8830873254683
"simulations/sgd_symm_squared_cor_reqt"   5262.53215817739   360864   NA   10.1764670035827   6155   63.4254370483159   10.1488319377346   3738.8679245283   61.9833084550175
"simulations/sgd_weighted_symm_abs_cor_reqt"   5423.11921647769   541848   NA   10.4852956142147   6036   69.2089249626159   10.458619934163   5735.15094339623   67.9471101629398
"simulations/tsaf_cor_tsaf"   5427.18455623198   517188   NA   10.5435540906846   6036   77.677839246862   10.5104895249701   5898.01754385965   76.5006114065279
"simulations/sgd_weighted_symm_squared_cor_reqt"   5448.92370891457   517736   NA   10.7204139305428   6036   65.6126956432637   10.6931003508239   4793.85185185185   64.2728836131874
"simulations/sgd_symm_squared_cor_recu"   5433.93079141301   561038   NA   10.7683805361565   6036   73.8708237844089   10.7379030658616   5658.65979381443   72.6180845365083
"simulations/sgd_weighted_symm_abs_cor_recu"   5504.3151114023   590197   NA   10.8960124903508   6036   78.7552347340589   10.8685612219525   5721.54545454545   77.6421186559249
"simulations/sgd_weighted_symm_squared_cor_recu"   5499.77759233311   556769   NA   11.1351291985061   6036   72.3163084918033   11.10633890272   5155.26851851852   71.0864248001865
"simulations/sgd_weighted_asym_weak_abs_cor_reqt"   5562.99226711684   360864   NA   11.3706681278682   6036   65.2305030658626   11.343545239996   3755.8679245283   63.8829503886576
"simulations/double_reqt"   5456.17952053255   360864   NA   11.3874386585162   6036   70.6778860048762   11.3598840026292   3850.07547169811   69.4353169272335
"simulations/sgd_weighted_asym_strong_squared_cor_reqt"   5608.8895063293   360864   NA   11.530744881509   6036   64.2155827953217   11.5007879011797   3803.77358490566   62.7801276329764
"simulations/sgd_asym_strong_squared_cor_reqt"   5545.92910328205   360864   NA   11.6163059256825   6036   63.9344690346504   11.5858284553876   3857.07547169811   62.4828290485231
"simulations/sgd_asym_weak_squared_cor_reqt"   5625.761375755   360864   NA   11.6307665693958   6036   67.512614530108   11.6034517542647   4222.98113207547   66.2112428621196
"simulations/clairvoyant"   5604.62729129106   360864   NA   11.6555415656914   6036   62.3629208422717   11.6287633862813   3157.84905660377   60.9614705620854
"simulations/sgd_asym_strong_abs_cor_reqt"   5592.66035092082   360864   NA   11.6799564685743   6036   66.7614443062803   11.6494789982794   3244.92452830189   65.3726092566669
"simulations/sgd_weighted_asym_weak_abs_cor_recu"   5644.53474058735   494377   NA   11.6920193735685   7853.66037735849   77.8604538691887   11.6592479819797   7853.66037735849   76.5600107939626
"simulations/sgd_weighted_asym_strong_abs_cor_recu"   5579.2500059778   360864   NA   11.7055402704824   6036   66.466728048467   11.6757049184742   3250.01886792453   65.0809882703843
"simulations/sgd_asym_strong_abs_cor_recu"   5545.87687164944   360864   NA   11.7384537540377   6036   68.9136369102709   11.7079762837428   3851.50943396226   67.5690531779523
"simulations/sgd_asym_weak_squared_cor_recu"   5614.12645679006   360864   NA   11.7419431254626   6036   73.8808469494466   11.7148403230012   4211.88235294118   72.6938285106558
"simulations/sgd_weighted_asym_strong_squared_cor_recu"   5602.65127422803   360864   NA   11.9486405594043   6036   67.6737017665387   11.9188052073961   3774.67924528302   66.3131887905223
"simulations/sgd_weighted_symm_abs_cor_tsaf"   5735.51725193322   360864   NA   11.9603894474982   9262   73.9767437689956   11.8929001443458   5527.11320754717   69.9451253267436
"simulations/sgd_weighted_asym_strong_abs_cor_reqt"   5632.27007225966   360864   NA   12.0430485687303   6036   66.9705451984828   12.0132132167221   3552.33962264151   65.5954496970869
"simulations/sgd_asym_weak_abs_cor_reqt"   5611.31189295433   360864   NA   12.0654515661568   6036   74.6862547746753   12.0383286782846   3498.31578947368   73.5122402896407
"simulations/reqtime"   5605.21393353642   360864   NA   12.1139520869631   6036   67.9054470680654   12.0841167349549   3537.68   66.5496719623385
"simulations/sgd_asym_weak_abs_cor_tsaf"   5750.29589635928   360864   NA   12.2166107626719   6036   68.2151267663929   12.1894878747997   3812.50943396226   66.9276948646017
"simulations/sgd_asym_weak_abs_cor_recu"   5678.40503187363   360864   NA   12.2661792141778   6036   82.295829914143   12.2387703084615   3963.58490566038   81.2314038216361
"simulations/sgd_weighted_asym_weak_squared_cor_recu"   5695.0172256309   366047   NA   12.2725024325742   6036   77.1880742098074   12.2407894305499   4045.02   76.0118116132282
"simulations/sgd_asym_strong_abs_cor_tsaf"   5672.79153734691   360864   NA   12.2725671212557   6036   68.4891350902035   12.2425977298732   3541.77358490566   67.1438488361473
"simulations/sgd_symm_abs_cor_tsaf"   5767.75548403449   541779   NA   12.3055479657927   6036   89.3839388040207   12.2731682283286   5952.65934065934   88.3635193470844
"simulations/sgd_weighted_asym_weak_abs_cor_tsaf"   5724.99082766239   360864   NA   12.3068236243202   6036   67.8914105151822   12.279700736448   4127.41509433962   66.5977209961059
"simulations/sgd_weighted_asym_strong_abs_cor_tsaf"   5685.40517534085   360864   NA   12.40840969741   6036   68.3064192031844   12.3785743454017   3552.33962264151   66.9587634379711
"simulations/sgd_asym_strong_squared_cor_recu"   5690.89647405395   447929   NA   12.4164307742583   6036   70.9914952007073   12.3779091253963   3959.15094339623   69.6092435718028
"simulations/sgd_symm_abs_cor_recu"   5479.54787740248   1005590   NA   12.4223845074975   10366.3917525773   121.046833877319   12.3952616196253   10366.3917525773   120.326010537445
"simulations/sgd_symm_squared_cor_tsaf"   5873.08454045058   360864   NA   12.5598281648981   6155   77.5990900156392   12.5287969794512   4114.72   76.3541862341871
"simulations/sgd_asym_weak_squared_cor_tsaf"   5817.59412166977   360864   NA   12.6331974351013   6036   71.3564929844526   12.6039704808899   3680.24528301887   70.1179472920817
"simulations/sgd_weighted_asym_strong_squared_cor_tsaf"   5788.88010922638   360864   NA   12.7954453301263   6036   71.1669794095435   12.765488349797   3919.58490566038   69.8744753837077
"simulations/sgd_asym_strong_squared_cor_tsaf"   5798.43299841708   360864   NA   12.9919357588082   6036   73.4788096589249   12.9616964099399   4284.45283018868   72.2255711512139
"simulations/sgd_weighted_asym_weak_squared_cor_reqt"   5763.0553113956   360864   NA   13.2267603469697   6036   73.6453221272099   13.1961904200219   3563.35087719298   72.385025853271
"simulations/sgd_weighted_asym_weak_squared_cor_tsaf"   5843.41536629572   360864   NA   13.2572515678933   6036   70.6478857300481   13.2234805342894   4032.03773584906   69.307232463782
"simulations/sgd_weighted_symm_squared_cor_tsaf"   5954.64166670652   360864   NA   13.9549651343856   9262   83.0502345117318   13.8855634131888   3972.03773584906   79.4496971578031
"name"   "avgft"   "maxft"   "RMSFT"   "avgstretch"   "maxstretch"   "RMSS"   "avgbsld"   "maxbsld"   "RMSBSLD"
"simulations/tsaf_cor_reqt"   14266.1722547525   940406   NA   40.0848227229846   11878   195.592407867833   39.5884242309657   8651.65306122449   184.526560144573
"simulations/sgd_symm_abs_cor_recu"   14635.7539303762   431110   NA   40.9512381582468   21637   213.460343928389   40.4679302253038   4390.90322580645   189.60948777132
"simulations/tsaf_cor_tsaf"   14721.4931017887   448225   NA   40.9605285945938   29423   243.218593289017   39.8554592114222   5003.96428571429   184.320895349139
"simulations/double_reqt"   14620.3409200289   411291   NA   41.9335686516407   12246   191.282843010393   41.5048628683729   4600   180.340113455756
"simulations/sgd_symm_squared_cor_reqt"   14785.6787318521   422524   NA   41.9611343846949   10645   184.893178529159   41.4402612796977   5706.71212121212   173.274901743037
"simulations/clairvoyant"   14415.5504331435   360340   NA   42.2013370816412   15652   200.674968454212   41.1189395521634   3489.13043478261   163.303505072192
"simulations/sgd_symm_squared_cor_recu"   15123.7894240796   1039223   NA   43.0762499054831   4878.76923076923   187.351673404532   42.831624093339   4878.76923076923   185.39231725871
"simulations/sgd_weighted_asym_weak_squared_cor_recu"   15064.135818561   502765   NA   43.2485389880575   11096   192.928769558845   42.5150305257169   4002.76   176.136840419214
"simulations/tsaf_cor_recu"   15026.1034731692   769610   NA   43.4977737842347   28607   242.477343736232   42.3271653780424   5829.36734693878   183.986195465925
"simulations/sgd_weighted_symm_squared_cor_recu"   15064.9475415096   406485   NA   43.9411859383365   19144   211.907189384519   43.0723321643732   4089.29032258065   180.812995991238
"simulations/sgd_asym_strong_abs_cor_recu"   15176.261309858   396634   NA   43.9902942627667   11970   186.557957852782   43.4613959712772   4587.56060606061   174.588844832047
"simulations/sgd_weighted_symm_squared_cor_reqt"   14955.5571709313   455246   NA   44.6013059867201   36405   255.451890844631   43.3138470952467   6061.32   180.958618107665
"simulations/sgd_symm_abs_cor_reqt"   14862.8985521777   434131   NA   45.2384679920307   16683   217.719530239765   44.5123430221101   4344.55555555556   197.425877817367
"simulations/sgd_weighted_symm_abs_cor_recu"   15234.186753028   418430   NA   45.5530038154049   15589   211.478579240522   44.7520352584145   4724.77272727273   186.324755797435
"simulations/sgd_weighted_asym_strong_abs_cor_tsaf"   15241.3547565573   397788   NA   46.0090241113882   6226   188.398869423283   45.7185118256205   4587.56060606061   184.771664272672
"simulations/sgd_weighted_asym_strong_abs_cor_recu"   15242.2602871581   373084   NA   46.0091075169738   6226   190.074389196991   45.6965102602159   6105.6   186.145486706021
"simulations/sgd_asym_strong_squared_cor_reqt"   15357.5328667683   390795   NA   46.1086902049429   11878   195.767357853872   45.5852804030659   6355.6   184.455579493372
"simulations/sgd_symm_squared_cor_tsaf"   15302.3959051897   447697   NA   46.2097997673855   17014   210.659471110096   45.3762612256353   6308.06060606061   181.565324592572
"simulations/sgd_weighted_asym_weak_squared_cor_reqt"   15294.8913732253   399224   NA   46.3031780564786   11970   204.764629570926   45.5866784976432   6352.64   188.917710100343
"simulations/sgd_weighted_asym_strong_squared_cor_recu"   15352.6209392797   374769   NA   46.4030199904732   14816   196.133687866744   45.8465268485786   4344.55555555556   181.065074644013
"simulations/sgd_weighted_asym_weak_abs_cor_reqt"   15279.0758001123   419570   NA   46.5988631173346   14599   202.940060921312   45.8376635504781   4806.71212121212   182.990296129998
"simulations/sgd_symm_abs_cor_tsaf"   15462.271296222   453874   NA   46.6571455403977   11433   203.280965463982   46.0806355540337   6406.18181818182   190.435566887855
"simulations/sgd_asym_weak_squared_cor_recu"   15394.6342143258   426861   NA   46.6984333313758   13029   207.751117962242   45.9673432535704   5347.54761904762   188.52700582975
"simulations/sgd_asym_strong_squared_cor_tsaf"   15435.7008903505   422020   NA   47.0759550987053   14850   213.50713530275   46.1564014771443   4819.87878787879   187.499419385129
"simulations/sgd_weighted_asym_strong_squared_cor_reqt"   15403.8329389589   397788   NA   47.1057638485042   14850   197.565188247458   46.4875317156735   4587.56060606061   181.881126056366
"simulations/sgd_asym_weak_squared_cor_reqt"   15482.6774484639   387927   NA   47.1198787549435   12307   206.055129052848   46.3646429323719   6352.64   189.599040288819
"simulations/sgd_weighted_asym_strong_squared_cor_tsaf"   15408.7461297826   397788   NA   47.2313579929009   6226   186.634203845874   46.9554636317875   4587.56060606061   183.062147135525
"simulations/reqtime"   15271.1631507179   374771   NA   47.3349261449327   11940   197.203365976157   46.8068399975035   6266.04   185.959149424437
"simulations/sgd_weighted_asym_weak_abs_cor_tsaf"   15358.1104916981   419570   NA   47.5216655713303   14599   212.519110824199   46.7617854879101   4806.71212121212   191.543221051021
"simulations/sgd_weighted_asym_strong_abs_cor_reqt"   15336.4374949868   397788   NA   47.5257556165605   6226   200.377117519041   47.2131583598026   5981.64   196.654158404168
"simulations/sgd_asym_strong_abs_cor_reqt"   15510.4841180717   397788   NA   47.5422046281469   11970   204.879316060436   47.0135770513442   5140.52   194.043633540944
"simulations/sgd_asym_strong_abs_cor_tsaf"   15567.2920309617   397788   NA   47.6511677804073   6226   198.650941629709   47.3606554946396   5140.52   195.214319476035
"simulations/sgd_asym_weak_abs_cor_reqt"   15324.891493543   392680   NA   47.6751777147354   6226   191.220504142828   47.3010199382053   5175.92   186.334005570549
"simulations/sgd_asym_strong_squared_cor_recu"   15496.0257680276   395503   NA   47.7147684280389   11878   199.877104521294   47.1913586261619   4521.60606060606   188.811703336858
"simulations/sgd_asym_weak_abs_cor_recu"   15231.0171051576   392680   NA   47.7645089491129   6226   195.827364077034   47.3666445871975   6215.56   191.000469231764
"simulations/sgd_weighted_asym_weak_abs_cor_recu"   15324.8826702495   397788   NA   48.2673416814022   11701   208.528032100046   47.5370396841294   6211.08   190.592364198024
"simulations/sgd_asym_weak_squared_cor_tsaf"   15467.1163872624   395503   NA   48.5652248848997   12275   211.109187887079   47.6798033721059   4464.62121212121   186.689965707662
"simulations/sgd_weighted_symm_abs_cor_tsaf"   15631.1400296784   402629   NA   48.6394850324933   12416   201.676806684409   48.2274733215765   4607.57575757576   191.420907403904
"simulations/sgd_asym_weak_abs_cor_tsaf"   15525.6177107564   392680   NA   49.0170427567795   18192   217.699599892479   48.1995646144839   4178.48   190.003165566719
"simulations/sgd_weighted_asym_weak_squared_cor_tsaf"   15611.437735622   396598   NA   49.2909157566596   11970   204.254683929698   48.780724852673   4079.32142857143   193.091516859434
"simulations/sgd_weighted_symm_abs_cor_reqt"   15115.6130985803   374607   NA   49.4059739930605   56831   357.252864593728   47.2736085482863   5981.64   198.720846370485
"simulations/sgd_weighted_symm_squared_cor_tsaf"   15844.5540426727   390855   NA   50.61127649884   9595   209.984350933179   49.9162516331947   4049.60606060606   198.162787048726
